[INFO] === Build =======================================
[INFO] Capabilities:  NEON VFPv3 VFPv4 ASIMD
[INFO] Built: May  7 2022
[INFO] Version: 1.10.3
[INFO] =================================================
[INFO] [Input]: Found input driver: "udev".
[INFO] [Environ]: SET_PIXEL_FORMAT: RGB565.
[INFO] [Core]: Version of libretro API: 1, Compiled against API: 1
[INFO] [Audio]: Set audio input rate to: 48000.00 Hz.
[INFO] [Video]: Set video size to: fullscreen.
[INFO] [EGL] Falling back to eglGetDisplay
[INFO] [EGL]: EGL version: 1.4
[INFO] [EGL]: Created shared context: 0xd03a90.
[INFO] [EGL]: Current context: 0xce1640.
[INFO] [GL]: Found GL context: "fbdev_mali".
[INFO] [GL]: Detecting screen resolution: 1280x720.
[INFO] [GL]: Vendor: ARM, Renderer: Mali-T720.
[INFO] [GL]: Version: OpenGL ES 3.1 v1.r14p0-01rel0.7048c6cf5a1ec59b7de708de703015d6.
[INFO] [GL]: Using resolution 1280x720.
[INFO] [GL]: Default shader backend found: glsl.
[INFO] [Shader driver]: Using GLSL shader backend.
[WARN] [GL]: Stock GLSL shaders will be used.
[INFO] [GLSL]: Found GLSL vertex shader.
[INFO] [GLSL]: Found GLSL fragment shader.
[INFO] [GLSL]: Linking GLSL program.
[INFO] [GLSL]: Found GLSL vertex shader.
[INFO] [GLSL]: Found GLSL fragment shader.
[INFO] [GLSL]: Linking GLSL program.
[INFO] [GLSL]: Found GLSL vertex shader.
[INFO] [GLSL]: Found GLSL fragment shader.
[INFO] [GLSL]: Linking GLSL program.
[INFO] [GL]: Using 4 textures.
[INFO] [GL]: Loaded 1 program(s).
[INFO] [Font]: Using font rendering backend: "bitmap".
[INFO] [Video]: Graphics driver did not initialize an input driver. Attempting to pick a suitable driver.
[WARN] [udev]: Full-screen pointer won't be available.
[INFO] [udev]: Keyboard #0: "Mitsumi Electric Apple Extended USB Keyboard" (/dev/input/event2).
[INFO] [udev]: Keyboard #1: "Mitsumi Electric Apple Extended USB Keyboard" (/dev/input/event3).
[INFO] [udev]: Keyboard #2: "RGL Multi Function Power Button" (/dev/input/event1).
[INFO] [udev]: Mouse #0: "Retro Games LTD THEMouse" (REL) /dev/input/event4
[INFO] [udev]: Pad #0 (/dev/input/event0) supports 0 force feedback effects.
[INFO] [Joypad]: Found joypad driver: "udev".
[INFO] [Video]: Found display server: "null".
[INFO] [ALSA]: Using floating point format.
[INFO] [ALSA]: Period size: 128 frames
[INFO] [ALSA]: Buffer size: 2816 frames
[INFO] [ALSA]: Can pause: no.
[INFO] [Display]: Found display driver: "gl".
[INFO] [SRAM]: SRAM will not be saved.
[INFO] [Playlist]: Loading history file: "/mnt/Pandory/.user/RetroArch/config/content_history.lpl".
[INFO] [Playlist]: Loading history file: "/mnt/Pandory/.user/RetroArch/config/content_music_history.lpl".
[INFO] [Playlist]: Loading history file: "/mnt/Pandory/.user/RetroArch/config/content_image_history.lpl".
[INFO] [Playlist]: Loading favorites file: "/mnt/Pandory/.user/RetroArch/config/content_favorites.lpl".
[INFO] [Config]: Saved new config to "/mnt/Pandory/.user/RetroArch/config/retroarch.cfg".
[INFO] FRONTEND_FORK_RESTART
[INFO] [Config]: Saved new config to "/mnt/Pandory/.user/RetroArch/config/retroarch.cfg".
[INFO] [Core]: Content ran for a total of: 00 hours, 00 minutes, 00 seconds.
[INFO] [Core]: Unloading core..
[INFO] [Core]: Unloading core symbols..
[INFO] [Video]: Average monitor Hz: 49.761146 Hz. (27.291 % frame time deviation, based on 2048 last samples).
