[INFO] === Build =======================================
[INFO] Capabilities:  NEON VFPv3 VFPv4 ASIMD
[INFO] Built: May  7 2022
[INFO] Version: 1.10.3
[INFO] =================================================
[INFO] [Input]: Found input driver: "udev".
[INFO] [Environ]: SET_PIXEL_FORMAT: RGB565.
[INFO] [Core]: Version of libretro API: 1, Compiled against API: 1
[INFO] [Audio]: Set audio input rate to: 48000.00 Hz.
[INFO] [Video]: Set video size to: fullscreen.
[INFO] [EGL] Falling back to eglGetDisplay
[INFO] [EGL]: EGL version: 1.4
[INFO] [EGL]: Created shared context: 0xd03a90.
[INFO] [EGL]: Current context: 0xce1640.
[INFO] [GL]: Found GL context: "fbdev_mali".
[INFO] [GL]: Detecting screen resolution: 1280x720.
[INFO] [GL]: Vendor: ARM, Renderer: Mali-T720.
[INFO] [GL]: Version: OpenGL ES 3.1 v1.r14p0-01rel0.7048c6cf5a1ec59b7de708de703015d6.
[INFO] [GL]: Using resolution 1280x720.
[INFO] [GL]: Default shader backend found: glsl.
[INFO] [Shader driver]: Using GLSL shader backend.
[WARN] [GL]: Stock GLSL shaders will be used.
[INFO] [GLSL]: Found GLSL vertex shader.
[INFO] [GLSL]: Found GLSL fragment shader.
[INFO] [GLSL]: Linking GLSL program.
[INFO] [GLSL]: Found GLSL vertex shader.
[INFO] [GLSL]: Found GLSL fragment shader.
[INFO] [GLSL]: Linking GLSL program.
[INFO] [GLSL]: Found GLSL vertex shader.
[INFO] [GLSL]: Found GLSL fragment shader.
[INFO] [GLSL]: Linking GLSL program.
[INFO] [GL]: Using 4 textures.
[INFO] [GL]: Loaded 1 program(s).
[INFO] [Font]: Using font rendering backend: "bitmap".
[INFO] [Video]: Graphics driver did not initialize an input driver. Attempting to pick a suitable driver.
[WARN] [udev]: Full-screen pointer won't be available.
[INFO] [udev]: Keyboard #0: "Mitsumi Electric Apple Extended USB Keyboard" (/dev/input/event2).
[INFO] [udev]: Keyboard #1: "Mitsumi Electric Apple Extended USB Keyboard" (/dev/input/event3).
[INFO] [udev]: Keyboard #2: "RGL Multi Function Power Button" (/dev/input/event1).
[INFO] [udev]: Mouse #0: "Retro Games LTD THEMouse" (REL) /dev/input/event4
[INFO] [udev]: Pad #0 (/dev/input/event0) supports 0 force feedback effects.
[INFO] [Joypad]: Found joypad driver: "udev".
[INFO] [Video]: Found display server: "null".
[INFO] [ALSA]: Using floating point format.
[INFO] [ALSA]: Period size: 128 frames
[INFO] [ALSA]: Buffer size: 2816 frames
[INFO] [ALSA]: Can pause: no.
[INFO] [Display]: Found display driver: "gl".
[INFO] [SRAM]: SRAM will not be saved.
[INFO] [Playlist]: Loading history file: "/mnt/Pandory/.user/RetroArch/config/content_history.lpl".
[INFO] [Playlist]: Loading history file: "/mnt/Pandory/.user/RetroArch/config/content_music_history.lpl".
[INFO] [Playlist]: Loading history file: "/mnt/Pandory/.user/RetroArch/config/content_image_history.lpl".
[INFO] [Playlist]: Loading favorites file: "/mnt/Pandory/.user/RetroArch/config/content_favorites.lpl".
[INFO] [Environ]: SET_SUBSYSTEM_INFO.
[INFO] Subsystem ID: 0
Special game type: N64 Disk Drive
  Ident: ndd
  ID: 1
  Content:
[INFO]     Disk (required)
[INFO]     Cartridge (required)
[INFO] Subsystems: 1
[INFO] [Content]: Updating firmware status for: /mnt/Pandory/.user/RetroArch/cores/cores/mupen64plus_next_libretro.so on /mnt/Pandory/.user/RetroArch/system
[INFO] [Core]: Using content: "/mnt/Games/Mario Kart 64 (USA).zip".
[INFO] [Core]: Content ran for a total of: 00 hours, 00 minutes, 00 seconds.
[INFO] [Core]: Unloading core..
[INFO] [Core]: Unloading core symbols..
[INFO] [Video]: Does not have enough samples for monitor refresh rate estimation. Requires to run for at least 4096 frames.
[INFO] === Build =======================================
[INFO] Capabilities:  NEON VFPv3 VFPv4 ASIMD
[INFO] Built: May  7 2022
[INFO] Version: 1.10.3
[INFO] =================================================
[INFO] [Input]: Found input driver: "udev".
[INFO] [Core]: Loading dynamic libretro core from: "/mnt/Pandory/.user/RetroArch/cores/cores/mupen64plus_next_libretro.so"
[INFO] [Overrides]: No core-specific overrides found at "/mnt/Pandory/.user/RetroArch/config/Mupen64Plus-Next GLES2/Mupen64Plus-Next GLES2.cfg".
[INFO] [Overrides]: No content-dir-specific overrides found at "/mnt/Pandory/.user/RetroArch/config/Mupen64Plus-Next GLES2/Games.cfg".
[INFO] [Overrides]: No game-specific overrides found at "/mnt/Pandory/.user/RetroArch/config/Mupen64Plus-Next GLES2/Mario Kart 64 (USA).cfg".
[INFO] [Environ]: SET_SUBSYSTEM_INFO.
[INFO] Special game type: N64 Disk Drive
  Ident: ndd
  ID: 1
  Content:
[INFO]     Disk (required)
[INFO]     Cartridge (required)
[INFO] [Environ]: SET_VARIABLES.
[INFO] [Environ]: SET_CONTROLLER_INFO.
[INFO]    Controller port: 1
[INFO]       Controller (ID: 1)
[INFO]       RetroPad (ID: 1)
[INFO]    Controller port: 2
[INFO]       Controller (ID: 1)
[INFO]       RetroPad (ID: 1)
[INFO]    Controller port: 3
[INFO]       Controller (ID: 1)
[INFO]       RetroPad (ID: 1)
[INFO]    Controller port: 4
[INFO]       Controller (ID: 1)
[INFO]       RetroPad (ID: 1)
[INFO] [Remaps]: Remap directory: "/mnt/Pandory/.user/RetroArch/config/remaps".
[INFO] [Remaps]: Core-specific remap found at "/mnt/Pandory/.user/RetroArch/config/remaps/Mupen64Plus-Next GLES2/Mupen64Plus-Next GLES2.rmp".
[INFO] [Overrides]: Redirecting save file to "/mnt/Pandory/.user/RetroArch/saves/Mario Kart 64 (USA).srm".
[INFO] [Overrides]: Redirecting save state to "/mnt/Pandory/.user/RetroArch/states/Mario Kart 64 (USA).state".
[INFO] [Environ]: SYSTEM_DIRECTORY: "/mnt/Pandory/.user/RetroArch/system".
[INFO] [Environ]: SYSTEM_DIRECTORY: "/mnt/Pandory/.user/RetroArch/system".
[INFO] [Environ]: GET_LOG_INTERFACE.
[INFO] [Environ]: GET_PERF_INTERFACE.
[INFO] [Environ]: SET_PIXEL_FORMAT: XRGB8888.
[INFO] [Environ]: GET_RUMBLE_INTERFACE.
[INFO] [Content]: Loading content file: "/mnt/Games/Mario Kart 64 (USA).zip#Mario Kart 64 (USA).z64".
[INFO] [Content]: Did not find a valid content patch.
[INFO] [Content]: CRC32: 0x434389c1.
[INFO] [Environ]: GET_VARIABLE: mupen64plus-rdp-plugin = "gliden64"
[INFO] [Environ]: GET_VARIABLE: mupen64plus-rsp-plugin = "hle"
[INFO] [Environ]: GET_VARIABLE: mupen64plus-BilinearMode = "standard"
[INFO] [Environ]: GET_VARIABLE: mupen64plus-FXAA = "0"
[INFO] [Environ]: GET_VARIABLE: mupen64plus-MultiSampling = "N/A"
[INFO] [Environ]: GET_VARIABLE: mupen64plus-FrameDuping = "False"
[INFO] [Environ]: GET_VARIABLE: mupen64plus-Framerate = "Original"
[INFO] [Environ]: GET_VARIABLE: mupen64plus-virefresh = "Auto"
[INFO] [Environ]: GET_VARIABLE: mupen64plus-NoiseEmulation = "True"
[INFO] [Environ]: GET_VARIABLE: mupen64plus-EnableLODEmulation = "True"
[INFO] [Environ]: GET_VARIABLE: mupen64plus-EnableFBEmulation = "True"
[INFO] [Environ]: GET_VARIABLE: mupen64plus-EnableN64DepthCompare = "N/A"
[INFO] [Environ]: GET_VARIABLE: mupen64plus-EnableCopyColorToRDRAM = "Off"
[INFO] [Environ]: GET_VARIABLE: mupen64plus-EnableCopyDepthToRDRAM = "Software"
[INFO] [Environ]: GET_VARIABLE: mupen64plus-EnableHWLighting = "False"
[INFO] [Environ]: GET_VARIABLE: mupen64plus-CorrectTexrectCoords = "Off"
[INFO] [Environ]: GET_VARIABLE: mupen64plus-BackgroundMode = "OnePiece"
[INFO] [Environ]: GET_VARIABLE: mupen64plus-EnableNativeResTexrects = "Disabled"
[INFO] [Environ]: GET_VARIABLE: mupen64plus-txFilterMode = "None"
[INFO] [Environ]: GET_VARIABLE: mupen64plus-txEnhancementMode = "None"
[INFO] [Environ]: GET_VARIABLE: mupen64plus-txFilterIgnoreBG = "True"
[INFO] [Environ]: GET_VARIABLE: mupen64plus-txHiresEnable = "False"
[INFO] [Environ]: GET_VARIABLE: mupen64plus-txCacheCompression = "True"
[INFO] [Environ]: GET_VARIABLE: mupen64plus-txHiresFullAlphaChannel = "False"
[INFO] [Environ]: GET_VARIABLE: mupen64plus-MaxTxCacheSize = "8000"
[INFO] [Environ]: GET_VARIABLE: mupen64plus-EnableLegacyBlending = "True"
[INFO] [Environ]: GET_VARIABLE: mupen64plus-EnableFragmentDepthWrite = "False"
[INFO] [Environ]: GET_VARIABLE: mupen64plus-EnableShadersStorage = "N/A"
[INFO] [Environ]: GET_VARIABLE: mupen64plus-EnableTextureCache = "True"
[INFO] [Environ]: GET_VARIABLE: mupen64plus-EnableEnhancedTextureStorage = "False"
[INFO] [Environ]: GET_VARIABLE: mupen64plus-EnableEnhancedHighResStorage = "False"
[INFO] [Environ]: GET_VARIABLE: mupen64plus-cpucore = "dynamic_recompiler"
[INFO] [Environ]: GET_VARIABLE: mupen64plus-aspect = "4:3"
[INFO] [Environ]: GET_VARIABLE: mupen64plus-43screensize = "960x720"
[INFO] [Environ]: GET_VARIABLE: mupen64plus-astick-deadzone = "15"
[INFO] [Environ]: GET_VARIABLE: mupen64plus-astick-sensitivity = "100"
[INFO] [Environ]: GET_VARIABLE: mupen64plus-CountPerOp = "0"
[INFO] [Environ]: GET_VARIABLE: mupen64plus-r-cbutton = "C1"
[INFO] [Environ]: GET_VARIABLE: mupen64plus-l-cbutton = "C2"
[INFO] [Environ]: GET_VARIABLE: mupen64plus-d-cbutton = "C3"
[INFO] [Environ]: GET_VARIABLE: mupen64plus-u-cbutton = "C4"
[INFO] [Environ]: GET_VARIABLE: mupen64plus-EnableOverscan = "Enabled"
[INFO] [Environ]: GET_VARIABLE: mupen64plus-OverscanTop = "0"
[INFO] [Environ]: GET_VARIABLE: mupen64plus-OverscanLeft = "0"
[INFO] [Environ]: GET_VARIABLE: mupen64plus-OverscanRight = "0"
[INFO] [Environ]: GET_VARIABLE: mupen64plus-OverscanBottom = "0"
[INFO] [Environ]: GET_VARIABLE: mupen64plus-alt-map = "False"
[INFO] [Environ]: GET_VARIABLE: mupen64plus-ForceDisableExtraMem = "False"
[INFO] [Environ]: GET_VARIABLE: mupen64plus-pak1 = "memory"
[INFO] [Environ]: GET_VARIABLE: mupen64plus-pak2 = "none"
[INFO] [Environ]: GET_VARIABLE: mupen64plus-pak3 = "none"
[INFO] [Environ]: GET_VARIABLE: mupen64plus-pak4 = "none"
[INFO] [Environ]: SET_HW_RENDER, context type: gl.
[INFO] Requesting OpenGLES2 context.
[INFO] Reached end of SET_HW_RENDER.
[libretro INFO] mupen64plus: Using compressed mem base
[INFO] [Environ]: SYSTEM_DIRECTORY: "/mnt/Pandory/.user/RetroArch/system".
[libretro DEBUG] mupen64plus: [EmuThread] M64CMD_ROM_OPEN
[libretro INFO] mupen64plus: Goodname: Mario Kart 64 (U) [!]
[libretro INFO] mupen64plus: Name: MARIOKART64         
[libretro INFO] mupen64plus: MD5: 3A67D9986F54EB282924FCA4CD5F6DFF
[libretro INFO] mupen64plus: CRC: 3E5055B6 2E92DA52
[libretro INFO] mupen64plus: Imagetype: .z64 (native)
[libretro INFO] mupen64plus: Rom size: 12582912 bytes (or 12 Mb or 96 Megabits)
[libretro INFO] mupen64plus: ClockRate = F
[libretro INFO] mupen64plus: Version: 1446
[libretro INFO] mupen64plus: Manufacturer: Nintendo
[libretro INFO] mupen64plus: Cartridge_ID: 544B
[libretro INFO] mupen64plus: Country: USA
[libretro INFO] mupen64plus: PC = 80000400
[libretro INFO] mupen64plus: Save type: 0
[libretro DEBUG] mupen64plus: [EmuThread] M64CMD_ROM_GET_HEADER
[INFO] [Core]: Version of libretro API: 1, Compiled against API: 1
[INFO] [Audio]: Set audio input rate to: 44100.00 Hz.
[INFO] [Video]: Set video size to: fullscreen.
[INFO] [Video]: Using HW render, OpenGL driver forced.
[INFO] [Video]: Using configured "gl" driver for GL HW render.
[INFO] [GL]: Found GL context: "fbdev_mali".
[INFO] [GL]: Detecting screen resolution: 1280x720.
[INFO] [GL]: Vendor: ARM, Renderer: Mali-T720.
[INFO] [GL]: Version: OpenGL ES 3.1 v1.r14p0-01rel0.7048c6cf5a1ec59b7de708de703015d6.
[INFO] [GL]: Using resolution 1280x720.
[INFO] [GL]: Default shader backend found: glsl.
[INFO] [Shader driver]: Using GLSL shader backend.
[WARN] [GL]: Stock GLSL shaders will be used.
[INFO] [GLSL]: Found GLSL vertex shader.
[INFO] [GLSL]: Found GLSL fragment shader.
[INFO] [GLSL]: Linking GLSL program.
[INFO] [GLSL]: Found GLSL vertex shader.
[INFO] [GLSL]: Found GLSL fragment shader.
[INFO] [GLSL]: Linking GLSL program.
[INFO] [GLSL]: Found GLSL vertex shader.
[INFO] [GLSL]: Found GLSL fragment shader.
[INFO] [GLSL]: Linking GLSL program.
[INFO] [GL]: Using 1 textures.
[INFO] [GL]: Loaded 1 program(s).
[INFO] [GL]: Initializing HW render (1024x1024).
[INFO] [GL]: Max texture size: 8192 px, renderbuffer size: 8192 px.
[INFO] [GL]: Supports FBO (render-to-texture).
[INFO] [Font]: Using font rendering backend: "bitmap".
[INFO] [Video]: Graphics driver did not initialize an input driver. Attempting to pick a suitable driver.
[WARN] [udev]: Full-screen pointer won't be available.
[INFO] [udev]: Keyboard #0: "Mitsumi Electric Apple Extended USB Keyboard" (/dev/input/event2).
[INFO] [udev]: Keyboard #1: "Mitsumi Electric Apple Extended USB Keyboard" (/dev/input/event3).
[INFO] [udev]: Keyboard #2: "RGL Multi Function Power Button" (/dev/input/event1).
[INFO] [udev]: Mouse #0: "Retro Games LTD THEMouse" (REL) /dev/input/event4
[INFO] [udev]: Pad #0 (/dev/input/event0) supports 0 force feedback effects.
[INFO] [Joypad]: Found joypad driver: "udev".
[INFO] [Video]: Found display server: "null".
[libretro DEBUG] mupen64plus: context_reset()
[INFO] [Environ]: SET_INPUT_DESCRIPTORS:
[INFO]    RetroPad, Port 1, Button "B (bottom)" => "A Button (C3)"
[INFO]    RetroPad, Port 1, Button "Y (left)" => "B Button (C2)"
[INFO]    RetroPad, Port 1, Button "Start" => "Start"
[INFO]    RetroPad, Port 1, Button "D-Pad Up" => "D-Pad Up"
[INFO]    RetroPad, Port 1, Button "D-Pad Down" => "D-Pad Down"
[INFO]    RetroPad, Port 1, Button "D-Pad Left" => "D-Pad Left"
[INFO]    RetroPad, Port 1, Button "D-Pad Right" => "D-Pad Right"
[INFO]    RetroPad, Port 1, Button "A (right)" => "(C1)"
[INFO]    RetroPad, Port 1, Button "X (up)" => "(C4)"
[INFO]    RetroPad, Port 1, Button "L" => "L Shoulder"
[INFO]    RetroPad, Port 1, Button "R" => "R Shoulder"
[INFO]    RetroPad, Port 1, Button "L2" => "Z Trigger"
[INFO]    RetroPad, Port 1, Button "R2" => "C Buttons Mode"
[INFO]    RetroPad, Port 2, Button "B (bottom)" => "A Button (C3)"
[INFO]    RetroPad, Port 2, Button "Y (left)" => "B Button (C2)"
[INFO]    RetroPad, Port 2, Button "Start" => "Start"
[INFO]    RetroPad, Port 2, Button "D-Pad Up" => "D-Pad Up"
[INFO]    RetroPad, Port 2, Button "D-Pad Down" => "D-Pad Down"
[INFO]    RetroPad, Port 2, Button "D-Pad Left" => "D-Pad Left"
[INFO]    RetroPad, Port 2, Button "D-Pad Right" => "D-Pad Right"
[INFO]    RetroPad, Port 2, Button "A (right)" => "(C1)"
[INFO]    RetroPad, Port 2, Button "X (up)" => "(C4)"
[INFO]    RetroPad, Port 2, Button "L" => "L Shoulder"
[INFO]    RetroPad, Port 2, Button "R" => "R Shoulder"
[INFO]    RetroPad, Port 2, Button "L2" => "Z Trigger"
[INFO]    RetroPad, Port 2, Button "R2" => "C Buttons Mode"
[INFO]    RetroPad, Port 3, Button "B (bottom)" => "A Button (C3)"
[INFO]    RetroPad, Port 3, Button "Y (left)" => "B Button (C2)"
[INFO]    RetroPad, Port 3, Button "Start" => "Start"
[INFO]    RetroPad, Port 3, Button "D-Pad Up" => "D-Pad Up"
[INFO]    RetroPad, Port 3, Button "D-Pad Down" => "D-Pad Down"
[INFO]    RetroPad, Port 3, Button "D-Pad Left" => "D-Pad Left"
[INFO]    RetroPad, Port 3, Button "D-Pad Right" => "D-Pad Right"
[INFO]    RetroPad, Port 3, Button "A (right)" => "(C1)"
[INFO]    RetroPad, Port 3, Button "X (up)" => "(C4)"
[INFO]    RetroPad, Port 3, Button "L" => "L Shoulder"
[INFO]    RetroPad, Port 3, Button "R" => "R Shoulder"
[INFO]    RetroPad, Port 3, Button "L2" => "Z Trigger"
[INFO]    RetroPad, Port 3, Button "R2" => "C Buttons Mode"
[INFO]    RetroPad, Port 4, Button "B (bottom)" => "A Button (C3)"
[INFO]    RetroPad, Port 4, Button "Y (left)" => "B Button (C2)"
[INFO]    RetroPad, Port 4, Button "Start" => "Start"
[INFO]    RetroPad, Port 4, Button "D-Pad Up" => "D-Pad Up"
[INFO]    RetroPad, Port 4, Button "D-Pad Down" => "D-Pad Down"
[INFO]    RetroPad, Port 4, Button "D-Pad Left" => "D-Pad Left"
[INFO]    RetroPad, Port 4, Button "D-Pad Right" => "D-Pad Right"
[INFO]    RetroPad, Port 4, Button "A (right)" => "(C1)"
[INFO]    RetroPad, Port 4, Button "X (up)" => "(C4)"
[INFO]    RetroPad, Port 4, Button "L" => "L Shoulder"
[INFO]    RetroPad, Port 4, Button "R" => "R Shoulder"
[INFO]    RetroPad, Port 4, Button "L2" => "Z Trigger"
[INFO]    RetroPad, Port 4, Button "R2" => "C Buttons Mode"
[INFO] [ALSA]: Using floating point format.
[INFO] [ALSA]: Period size: 128 frames
[INFO] [ALSA]: Buffer size: 2816 frames
[INFO] [ALSA]: Can pause: no.
[INFO] [Display]: Found display driver: "gl".
[INFO] [Environ]: SET_SUBSYSTEM_INFO.
[INFO] Subsystem ID: 0
Special game type: N64 Disk Drive
  Ident: ndd
  ID: 1
  Content:
[INFO]     Disk (required)
[INFO]     Cartridge (required)
[INFO] Subsystems: 1
[INFO] [Playlist]: Loading history file: "/mnt/Pandory/.user/RetroArch/config/content_history.lpl".
[INFO] [Playlist]: Loading history file: "/mnt/Pandory/.user/RetroArch/config/content_music_history.lpl".
[INFO] [Playlist]: Loading history file: "/mnt/Pandory/.user/RetroArch/config/content_image_history.lpl".
[INFO] [Playlist]: Loading favorites file: "/mnt/Pandory/.user/RetroArch/config/content_favorites.lpl".
[INFO] [Playlist]: Written to playlist file: /mnt/Pandory/.user/RetroArch/config/content_history.lpl
[libretro DEBUG] mupen64plus: [EmuThread] M64CMD_EXECUTE
[INFO] [Environ]: SYSTEM_DIRECTORY: "/mnt/Pandory/.user/RetroArch/system".
[libretro INFO] mupen64plus: Game controller 0 (Standard controller) has a Memory pak plugged in
[libretro INFO] mupen64plus: Game controller 1 (Standard controller) has nothing plugged in
[libretro INFO] mupen64plus: Game controller 2 (Standard controller) has nothing plugged in
[libretro INFO] mupen64plus: Game controller 3 (Standard controller) has nothing plugged in
[libretro INFO] mupen64plus: Using CIC type X102
[INFO] [Environ]: SYSTEM_DIRECTORY: "/mnt/Pandory/.user/RetroArch/system".
[INFO] [Environ]: SYSTEM_DIRECTORY: "/mnt/Pandory/.user/RetroArch/system".
[INFO] [Environ]: SYSTEM_DIRECTORY: "/mnt/Pandory/.user/RetroArch/system".
[INFO] [Environ]: SYSTEM_DIRECTORY: "/mnt/Pandory/.user/RetroArch/system".
[INFO] [Environ]: SYSTEM_DIRECTORY: "/mnt/Pandory/.user/RetroArch/system".
[INFO] [Environ]: SYSTEM_DIRECTORY: "/mnt/Pandory/.user/RetroArch/system".
[libretro INFO] mupen64plus: Initializing 4 RDRAM modules for a total of 8 MB
[libretro INFO] mupen64plus: Starting R4300 emulator: Dynamic Recompiler
[libretro INFO] mupen64plus: Init new dynarec
[libretro INFO] mupen64plus: ARM CPU Features:, Half, Thumb, FastMult, VFP, ESDP, NEON, VFPv3, TLS, VFPv4, IDIVa, IDIVt
[INFO] [Core]: Content ran for a total of: 00 hours, 00 minutes, 17 seconds.
[INFO] [Runtime]: Saving runtime log file: "/mnt/Pandory/.user/RetroArch/playlists/logs/Mupen64Plus-Next/Mario Kart 64 (USA).lrtl".
[INFO] [Core]: No content, starting dummy core.
[INFO] [SRAM]: Saving RAM type #0 to "/mnt/Pandory/.user/RetroArch/saves/Mario Kart 64 (USA).srm".
[INFO] [SRAM]: Saved successfully to "/mnt/Pandory/.user/RetroArch/saves/Mario Kart 64 (USA).srm".
[INFO] [Core]: Content ran for a total of: 00 hours, 00 minutes, 00 seconds.
[INFO] [Core]: Unloading game..
[INFO] [Core]: Unloading core..
[libretro INFO] mupen64plus: Stopping emulation.
[libretro INFO] mupen64plus: R4300 emulator finished.
[INFO] [PERF]: Performance counters (libretro):
[INFO] [Core]: Unloading core symbols..
[INFO] [Core]: Saved core options file to "/mnt/Pandory/.user/RetroArch/config/Mupen64Plus-Next GLES2/Mupen64Plus-Next GLES2.opt".
[INFO] [Video]: Does not have enough samples for monitor refresh rate estimation. Requires to run for at least 4096 frames.
[INFO] === Build =======================================
[INFO] Capabilities:  NEON VFPv3 VFPv4 ASIMD
[INFO] Built: May  7 2022
[INFO] Version: 1.10.3
[INFO] =================================================
[INFO] [Input]: Found input driver: "udev".
[INFO] [Environ]: SET_PIXEL_FORMAT: RGB565.
[INFO] [Core]: Version of libretro API: 1, Compiled against API: 1
[INFO] [Audio]: Set audio input rate to: 48000.00 Hz.
[INFO] [Video]: Set video size to: fullscreen.
[INFO] [EGL] Falling back to eglGetDisplay
[INFO] [EGL]: EGL version: 1.4
[INFO] [EGL]: Created shared context: 0xe1f678.
[INFO] [EGL]: Current context: 0xda8fc0.
[INFO] [GL]: Found GL context: "fbdev_mali".
[INFO] [GL]: Detecting screen resolution: 1280x720.
[INFO] [GL]: Vendor: ARM, Renderer: Mali-T720.
[INFO] [GL]: Version: OpenGL ES 3.1 v1.r14p0-01rel0.7048c6cf5a1ec59b7de708de703015d6.
[INFO] [GL]: Using resolution 1280x720.
[INFO] [GL]: Default shader backend found: glsl.
[INFO] [Shader driver]: Using GLSL shader backend.
[WARN] [GL]: Stock GLSL shaders will be used.
[INFO] [GLSL]: Found GLSL vertex shader.
[INFO] [GLSL]: Found GLSL fragment shader.
[INFO] [GLSL]: Linking GLSL program.
[INFO] [GLSL]: Found GLSL vertex shader.
[INFO] [GLSL]: Found GLSL fragment shader.
[INFO] [GLSL]: Linking GLSL program.
[INFO] [GLSL]: Found GLSL vertex shader.
[INFO] [GLSL]: Found GLSL fragment shader.
[INFO] [GLSL]: Linking GLSL program.
[INFO] [GL]: Using 4 textures.
[INFO] [GL]: Loaded 1 program(s).
[INFO] [Font]: Using font rendering backend: "bitmap".
[INFO] [Video]: Graphics driver did not initialize an input driver. Attempting to pick a suitable driver.
[WARN] [udev]: Full-screen pointer won't be available.
[INFO] [udev]: Keyboard #0: "Mitsumi Electric Apple Extended USB Keyboard" (/dev/input/event2).
[INFO] [udev]: Keyboard #1: "Mitsumi Electric Apple Extended USB Keyboard" (/dev/input/event3).
[INFO] [udev]: Keyboard #2: "RGL Multi Function Power Button" (/dev/input/event1).
[INFO] [udev]: Mouse #0: "Retro Games LTD THEMouse" (REL) /dev/input/event4
[INFO] [udev]: Pad #0 (/dev/input/event0) supports 0 force feedback effects.
[INFO] [Joypad]: Found joypad driver: "udev".
[INFO] [Video]: Found display server: "null".
[INFO] [ALSA]: Using floating point format.
[INFO] [ALSA]: Period size: 128 frames
[INFO] [ALSA]: Buffer size: 2816 frames
[INFO] [ALSA]: Can pause: no.
[INFO] [Display]: Found display driver: "gl".
[INFO] [Environ]: SET_SUBSYSTEM_INFO.
[INFO] Subsystem ID: 0
Special game type: N64 Disk Drive
  Ident: ndd
  ID: 1
  Content:
[INFO]     Disk (required)
[INFO]     Cartridge (required)
[INFO] Subsystems: 1
[INFO] [SRAM]: SRAM will not be saved.
[INFO] [Playlist]: Loading history file: "/mnt/Pandory/.user/RetroArch/config/content_history.lpl".
[INFO] [Playlist]: Loading history file: "/mnt/Pandory/.user/RetroArch/config/content_music_history.lpl".
[INFO] [Playlist]: Loading history file: "/mnt/Pandory/.user/RetroArch/config/content_image_history.lpl".
[INFO] [Playlist]: Loading favorites file: "/mnt/Pandory/.user/RetroArch/config/content_favorites.lpl".
[INFO] FRONTEND_FORK_RESTART
[INFO] [Config]: Saved new config to "/mnt/Pandory/.user/RetroArch/config/retroarch.cfg".
[INFO] [Core]: Content ran for a total of: 00 hours, 00 minutes, 00 seconds.
[INFO] [Core]: Unloading core..
[INFO] [Core]: Unloading core symbols..
[INFO] [Video]: Does not have enough samples for monitor refresh rate estimation. Requires to run for at least 4096 frames.
